
Round 0
###################
# Hide!!!         #
# Round:   0      #
# Kills: 0        #
# Lives: 2        #
# Missiles: 0/1   #
###################
#                 #
#       VVV       #
# ---         --- #
# ---         --- #
# ---         --- #
#                 #
#                 #
#                 #
#                 #
#                 #
#                 #
#                 #
#                 #
#                 #
#                 #
#                 #
#                 #
#                 #
# ---         --- #
# ---         --- #
# ---         --- #
#       AAA       #
#                 #
###################
# Missiles: 0/1   #
# Lives: 2        #
# Kills: 0        #
# Round:   0      #
# Hide!!!         #
###################

Player 1: Nothing              > Did nothing.
Player 2: Nothing              > Did nothing.

Round 1
###################
# Hide!!!         #
# Round:   1      #
# Kills: 0        #
# Lives: 1        #
# Missiles: 0/1   #
###################
#                 #
#       VVV       #
# ---   ---   --- #
# ---   ---   --- #
# ---   ---   --- #
#                 #
#                 #
#                 #
#                 #
#                 #
#         x  x  x #
#                 #
#         x  x  x #
#                 #
#                 #
#                 #
#                 #
#                 #
# ---   ---   --- #
# ---   ---   --- #
# ---   ---   --- #
#       AAA       #
#                 #
###################
# Missiles: 0/1   #
# Lives: 1        #
# Kills: 0        #
# Round:   1      #
# Hide!!!         #
###################

Player 1: BuildShield          > Built shields.
Player 2: BuildShield          > Built shields.

Round 2
###################
# Hide!!!         #
# Round:   2      #
# Kills: 0        #
# Lives: 0        #
# Missiles: 0/1   #
###################
#                 #
#       VVV       #
# ---   ---   --- #
# ---   ---   --- #
# ---   ---   --- #
#                 #
#                 #
#                 #
#                 #
#                 #
#        x  x  x  #
#                 #
#        x  x  x  #
#                 #
#                 #
#                 #
#                 #
#                 #
# ---   ---   --- #
# ---   ---   --- #
# ---   ---   --- #
#       AAA       #
#                 #
###################
# Missiles: 0/1   #
# Lives: 0        #
# Kills: 0        #
# Round:   2      #
# Hide!!!         #
###################

Player 1: BuildShield          > Built shields.
Player 2: BuildShield          > Built shields.

Round 3
###################
# Hide!!!         #
# Round:   3      #
# Kills: 0        #
# Lives: 0        #
# Missiles: 0/1   #
###################
#                 #
#       VVV       #
# ---   ---   --- #
# ---   ---   --- #
# ---   ---   --- #
#                 #
#                 #
#                 #
#                 #
#                 #
#       x  x  x   #
#                 #
#       x  x  x   #
#                 #
#                 #
#                 #
#                 #
#                 #
# ---   ---   --- #
# ---   ---   --- #
# ---   ---   --- #
#       AAA       #
#                 #
###################
# Missiles: 0/1   #
# Lives: 0        #
# Kills: 0        #
# Round:   3      #
# Hide!!!         #
###################

Player 1: BuildShield          > Tried to build shields but didn't have enough lives.
Player 2: BuildShield          > Tried to build shields but didn't have enough lives.

Round 4
###################
# Hide!!!         #
# Round:   4      #
# Kills: 0        #
# Lives: 0        #
# Missiles: 0/1   #
###################
#                 #
#       VVV       #
# ---   ---   --- #
# ---   ---   --- #
# ---   ---   --- #
#                 #
#                 #
#                 #
#                 #
#                 #
#      x  x  x    #
#                 #
#      x  x  x    #
#                 #
#                 #
#                 #
#                 #
#                 #
# ---   ---   --- #
# ---   ---   --- #
# ---   ---   --- #
#       AAA       #
#                 #
###################
# Missiles: 0/1   #
# Lives: 0        #
# Kills: 0        #
# Round:   4      #
# Hide!!!         #
###################

Player 1: BuildShield          > Tried to build shields but didn't have enough lives.
Player 2: BuildShield          > Tried to build shields but didn't have enough lives.

Round 5
###################
# Hide!!!         #
# Round:   5      #
# Kills: 0        #
# Lives: 0        #
# Missiles: 0/1   #
###################
#                 #
#       VVV       #
# ---   ---   --- #
# ---   ---   --- #
# ---   ---   --- #
#                 #
#                 #
#                 #
#                 #
#                 #
#     x  x  x     #
#                 #
#     x  x  x     #
#                 #
#                 #
#                 #
#                 #
#                 #
# ---   ---   --- #
# ---   ---   --- #
# ---   ---   --- #
#       AAA       #
#                 #
###################
# Missiles: 0/1   #
# Lives: 0        #
# Kills: 0        #
# Round:   5      #
# Hide!!!         #
###################

Player 1: BuildShield          > Tried to build shields but didn't have enough lives.
Player 2: BuildShield          > Tried to build shields but didn't have enough lives.

Round 6
###################
# Hide!!!         #
# Round:   6      #
# Kills: 0        #
# Lives: 0        #
# Missiles: 0/1   #
###################
#                 #
#       VVV       #
# ---   ---   --- #
# ---   ---   --- #
# ---   ---   --- #
#                 #
#                 #
#                 #
#                 #
#       |         #
#    x  x  x      #
#                 #
#    x  x  x      #
#       |         #
#                 #
#                 #
#                 #
#                 #
# ---   ---   --- #
# ---   ---   --- #
# ---   ---   --- #
#       AAA       #
#                 #
###################
# Missiles: 0/1   #
# Lives: 0        #
# Kills: 0        #
# Round:   6      #
# Hide!!!         #
###################

Player 1: BuildShield          > Tried to build shields but didn't have enough lives.
Player 2: BuildShield          > Tried to build shields but didn't have enough lives.

Round 7
###################
# Hide!!!         #
# Round:   7      #
# Kills: 0        #
# Lives: 0        #
# Missiles: 0/1   #
###################
#                 #
#       VVV       #
# ---   ---   --- #
# ---   ---   --- #
# ---   ---   --- #
#                 #
#                 #
#                 #
#       |         #
#                 #
#   x  x  x       #
#                 #
#   x  x  x       #
#                 #
#       |         #
#                 #
#                 #
#                 #
# ---   ---   --- #
# ---   ---   --- #
# ---   ---   --- #
#       AAA       #
#                 #
###################
# Missiles: 0/1   #
# Lives: 0        #
# Kills: 0        #
# Round:   7      #
# Hide!!!         #
###################

Player 1: BuildShield          > Tried to build shields but didn't have enough lives.
Player 2: BuildShield          > Tried to build shields but didn't have enough lives.

Round 8
###################
# Hide!!!         #
# Round:   8      #
# Kills: 0        #
# Lives: 0        #
# Missiles: 0/1   #
###################
#                 #
#       VVV       #
# ---   ---   --- #
# ---   ---   --- #
# ---   ---   --- #
#                 #
#                 #
#       |         #
#                 #
#                 #
#  x  x  x        #
#                 #
#  x  x  x        #
#                 #
#                 #
#       |         #
#                 #
#                 #
# ---   ---   --- #
# ---   ---   --- #
# ---   ---   --- #
#       AAA       #
#                 #
###################
# Missiles: 0/1   #
# Lives: 0        #
# Kills: 0        #
# Round:   8      #
# Hide!!!         #
###################

Player 1: BuildShield          > Tried to build shields but didn't have enough lives.
Player 2: BuildShield          > Tried to build shields but didn't have enough lives.

Round 9
###################
# Hide!!!         #
# Round:   9      #
# Kills: 0        #
# Lives: 0        #
# Missiles: 0/1   #
###################
#                 #
#       VVV       #
# ---   ---   --- #
# ---   ---   --- #
# ---   ---   --- #
#                 #
#       |         #
#                 #
#                 #
#                 #
# x  x  x         #
#                 #
# x  x  x         #
#                 #
#                 #
#                 #
#       |         #
#                 #
# ---   ---   --- #
# ---   ---   --- #
# ---   ---   --- #
#       AAA       #
#                 #
###################
# Missiles: 0/1   #
# Lives: 0        #
# Kills: 0        #
# Round:   9      #
# Hide!!!         #
###################

Player 1: BuildShield          > Tried to build shields but didn't have enough lives.
Player 2: BuildShield          > Tried to build shields but didn't have enough lives.

Round 10
###################
# Hide!!!         #
# Round:  10      #
# Kills: 0        #
# Lives: 0        #
# Missiles: 0/1   #
###################
#                 #
#       VVV       #
# ---   ---   --- #
# ---   ---   --- #
# ---   ---   --- #
#       |         #
#                 #
#                 #
#                 #
#                 #
#x  x  x          #
#                 #
#x  x  x          #
#                 #
#                 #
#                 #
#                 #
#       |         #
# ---   ---   --- #
# ---   ---   --- #
# ---   ---   --- #
#       AAA       #
#                 #
###################
# Missiles: 0/1   #
# Lives: 0        #
# Kills: 0        #
# Round:  10      #
# Hide!!!         #
###################

Player 1: BuildShield          > Tried to build shields but didn't have enough lives.
Player 2: BuildShield          > Tried to build shields but didn't have enough lives.

Round 11
###################
# Hide!!!         #
# Round:  11      #
# Kills: 0        #
# Lives: 0        #
# Missiles: 0/1   #
###################
#                 #
#       VVV       #
# ---   ---   --- #
# ---   ---   --- #
# ---    --   --- #
#                 #
#                 #
#                 #
#                 #
#x  x  x          #
#                 #
#                 #
#                 #
#x  x  x          #
#                 #
#                 #
#                 #
#                 #
# ---    --   --- #
# ---   ---   --- #
# ---   ---   --- #
#       AAA       #
#                 #
###################
# Missiles: 0/1   #
# Lives: 0        #
# Kills: 0        #
# Round:  11      #
# Hide!!!         #
###################

Player 1: BuildShield          > Tried to build shields but didn't have enough lives.
Player 2: BuildShield          > Tried to build shields but didn't have enough lives.

Round 12
###################
# Hide!!!         #
# Round:  12      #
# Kills: 0        #
# Lives: 0        #
# Missiles: 0/1   #
###################
#                 #
#       VVV       #
# ---   ---   --- #
# ---   ---   --- #
# ---    --   --- #
#                 #
#                 #
#                 #
#       |         #
# x  x  x         #
#                 #
#                 #
#                 #
# x  x  x         #
#       |         #
#                 #
#                 #
#                 #
# ---    --   --- #
# ---   ---   --- #
# ---   ---   --- #
#       AAA       #
#                 #
###################
# Missiles: 0/1   #
# Lives: 0        #
# Kills: 0        #
# Round:  12      #
# Hide!!!         #
###################

Player 1: BuildShield          > Tried to build shields but didn't have enough lives.
Player 2: BuildShield          > Tried to build shields but didn't have enough lives.

Round 13
###################
# Hide!!!         #
# Round:  13      #
# Kills: 0        #
# Lives: 0        #
# Missiles: 0/1   #
###################
#                 #
#       VVV       #
# ---   ---   --- #
# ---   ---   --- #
# ---    --   --- #
#                 #
#                 #
#       |         #
#                 #
#  x  x  x        #
#                 #
#                 #
#                 #
#  x  x  x        #
#                 #
#       |         #
#                 #
#                 #
# ---    --   --- #
# ---   ---   --- #
# ---   ---   --- #
#       AAA       #
#                 #
###################
# Missiles: 0/1   #
# Lives: 0        #
# Kills: 0        #
# Round:  13      #
# Hide!!!         #
###################

Player 1: BuildShield          > Tried to build shields but didn't have enough lives.
Player 2: BuildShield          > Tried to build shields but didn't have enough lives.

Round 14
###################
# Hide!!!         #
# Round:  14      #
# Kills: 0        #
# Lives: 0        #
# Missiles: 0/1   #
###################
#                 #
#       VVV       #
# ---   ---   --- #
# ---   ---   --- #
# ---    --   --- #
#                 #
#       |         #
#                 #
#                 #
#   x  x  x       #
#                 #
#                 #
#                 #
#   x  x  x       #
#                 #
#                 #
#       |         #
#                 #
# ---    --   --- #
# ---   ---   --- #
# ---   ---   --- #
#       AAA       #
#                 #
###################
# Missiles: 0/1   #
# Lives: 0        #
# Kills: 0        #
# Round:  14      #
# Hide!!!         #
###################

Player 1: BuildShield          > Tried to build shields but didn't have enough lives.
Player 2: BuildShield          > Tried to build shields but didn't have enough lives.

Round 15
###################
# Hide!!!         #
# Round:  15      #
# Kills: 0        #
# Lives: 0        #
# Missiles: 0/1   #
###################
#                 #
#       VVV       #
# ---   ---   --- #
# ---   ---   --- #
# ---    --   --- #
#       |         #
#                 #
#                 #
#                 #
#    x  x  x      #
#                 #
#                 #
#                 #
#    x  x  x      #
#                 #
#                 #
#                 #
#       |         #
# ---    --   --- #
# ---   ---   --- #
# ---   ---   --- #
#       AAA       #
#                 #
###################
# Missiles: 0/1   #
# Lives: 0        #
# Kills: 0        #
# Round:  15      #
# Hide!!!         #
###################

Player 1: BuildShield          > Tried to build shields but didn't have enough lives.
Player 2: BuildShield          > Tried to build shields but didn't have enough lives.

Round 16
###################
# Hide!!!         #
# Round:  16      #
# Kills: 0        #
# Lives: 0        #
# Missiles: 0/1   #
###################
#                 #
#       VVV       #
# ---   ---   --- #
# ---   ---   --- #
# ---   |--   --- #
#                 #
#                 #
#                 #
#                 #
#     x  x  x     #
#                 #
#                 #
#                 #
#     x  x  x     #
#                 #
#                 #
#                 #
#                 #
# ---   |--   --- #
# ---   ---   --- #
# ---   ---   --- #
#       AAA       #
#                 #
###################
# Missiles: 0/1   #
# Lives: 0        #
# Kills: 0        #
# Round:  16      #
# Hide!!!         #
###################

Player 1: BuildShield          > Tried to build shields but didn't have enough lives.
Player 2: BuildShield          > Tried to build shields but didn't have enough lives.

Round 17
###################
# Hide!!!         #
# Round:  17      #
# Kills: 0        #
# Lives: 0        #
# Missiles: 0/1   #
###################
#                 #
#       VVV       #
# ---   ---   --- #
# ---    --   --- #
# ---    --   --- #
#                 #
#                 #
#                 #
#                 #
#      x  x  x    #
#                 #
#                 #
#                 #
#      x  x  x    #
#                 #
#                 #
#                 #
#                 #
# ---    --   --- #
# ---    --   --- #
# ---   ---   --- #
#       AAA       #
#                 #
###################
# Missiles: 0/1   #
# Lives: 0        #
# Kills: 0        #
# Round:  17      #
# Hide!!!         #
###################

Player 1: BuildShield          > Tried to build shields but didn't have enough lives.
Player 2: BuildShield          > Tried to build shields but didn't have enough lives.

Round 18
###################
# Hide!!!         #
# Round:  18      #
# Kills: 0        #
# Lives: 0        #
# Missiles: 0/1   #
###################
#                 #
#       VVV       #
# ---   ---   --- #
# ---    --   --- #
# ---    --   --- #
#                 #
#                 #
#                 #
#             |   #
#       x  x  x   #
#                 #
#                 #
#                 #
#       x  x  x   #
#             |   #
#                 #
#                 #
#                 #
# ---    --   --- #
# ---    --   --- #
# ---   ---   --- #
#       AAA       #
#                 #
###################
# Missiles: 0/1   #
# Lives: 0        #
# Kills: 0        #
# Round:  18      #
# Hide!!!         #
###################

Player 1: BuildShield          > Tried to build shields but didn't have enough lives.
Player 2: BuildShield          > Tried to build shields but didn't have enough lives.

Round 19
###################
# Hide!!!         #
# Round:  19      #
# Kills: 0        #
# Lives: 0        #
# Missiles: 0/1   #
###################
#                 #
#       VVV       #
# ---   ---   --- #
# ---    --   --- #
# ---    --   --- #
#                 #
#                 #
#             |   #
#                 #
#        x  x  x  #
#                 #
#                 #
#                 #
#        x  x  x  #
#                 #
#             |   #
#                 #
#                 #
# ---    --   --- #
# ---    --   --- #
# ---   ---   --- #
#       AAA       #
#                 #
###################
# Missiles: 0/1   #
# Lives: 0        #
# Kills: 0        #
# Round:  19      #
# Hide!!!         #
###################

Player 1: BuildShield          > Tried to build shields but didn't have enough lives.
Player 2: BuildShield          > Tried to build shields but didn't have enough lives.

Round 20
###################
# Hide!!!         #
# Round:  20      #
# Kills: 0        #
# Lives: 0        #
# Missiles: 0/1   #
###################
#                 #
#       VVV       #
# ---   ---   --- #
# ---    --   --- #
# ---    --   --- #
#                 #
#             |   #
#                 #
#                 #
#         x  x  x #
#                 #
#                 #
#                 #
#         x  x  x #
#                 #
#                 #
#             |   #
#                 #
# ---    --   --- #
# ---    --   --- #
# ---   ---   --- #
#       AAA       #
#                 #
###################
# Missiles: 0/1   #
# Lives: 0        #
# Kills: 0        #
# Round:  20      #
# Hide!!!         #
###################

Player 1: BuildShield          > Tried to build shields but didn't have enough lives.
Player 2: BuildShield          > Tried to build shields but didn't have enough lives.

Round 21
###################
# Hide!!!         #
# Round:  21      #
# Kills: 0        #
# Lives: 0        #
# Missiles: 0/1   #
###################
#                 #
#       VVV       #
# ---   ---   --- #
# ---    --   --- #
# ---    --   --- #
#             |   #
#                 #
#                 #
#                 #
#          x  x  x#
#                 #
#                 #
#                 #
#          x  x  x#
#                 #
#                 #
#                 #
#             |   #
# ---    --   --- #
# ---    --   --- #
# ---   ---   --- #
#       AAA       #
#                 #
###################
# Missiles: 0/1   #
# Lives: 0        #
# Kills: 0        #
# Round:  21      #
# Hide!!!         #
###################

Player 1: BuildShield          > Tried to build shields but didn't have enough lives.
Player 2: BuildShield          > Tried to build shields but didn't have enough lives.

Round 22
###################
# Hide!!!         #
# Round:  22      #
# Kills: 0        #
# Lives: 0        #
# Missiles: 0/1   #
###################
#                 #
#       VVV       #
# ---   ---   --- #
# ---    --   --- #
# ---    --    -- #
#                 #
#                 #
#                 #
#          x  x  x#
#                 #
#                 #
#                 #
#                 #
#                 #
#          x  x  x#
#                 #
#                 #
#                 #
# ---    --    -- #
# ---    --   --- #
# ---   ---   --- #
#       AAA       #
#                 #
###################
# Missiles: 0/1   #
# Lives: 0        #
# Kills: 0        #
# Round:  22      #
# Hide!!!         #
###################

Player 1: BuildShield          > Tried to build shields but didn't have enough lives.
Player 2: BuildShield          > Tried to build shields but didn't have enough lives.

Round 23
###################
# Hide!!!         #
# Round:  23      #
# Kills: 0        #
# Lives: 0        #
# Missiles: 0/1   #
###################
#                 #
#       VVV       #
# ---   ---   --- #
# ---    --   --- #
# ---    --    -- #
#                 #
#                 #
#                 #
#         x  x  x #
#                 #
#         x  x  x #
#                 #
#         x  x  x #
#                 #
#         x  x  x #
#                 #
#                 #
#                 #
# ---    --    -- #
# ---    --   --- #
# ---   ---   --- #
#       AAA       #
#                 #
###################
# Missiles: 0/1   #
# Lives: 0        #
# Kills: 0        #
# Round:  23      #
# Hide!!!         #
###################

Player 1: BuildShield          > Tried to build shields but didn't have enough lives.
Player 2: BuildShield          > Tried to build shields but didn't have enough lives.

Round 24
###################
# Hide!!!         #
# Round:  24      #
# Kills: 0        #
# Lives: 0        #
# Missiles: 0/1   #
###################
#                 #
#       VVV       #
# ---   ---   --- #
# ---    --   --- #
# ---    --    -- #
#                 #
#                 #
#              |  #
#        x  x  x  #
#                 #
#        x  x  x  #
#                 #
#        x  x  x  #
#                 #
#        x  x  x  #
#              |  #
#                 #
#                 #
# ---    --    -- #
# ---    --   --- #
# ---   ---   --- #
#       AAA       #
#                 #
###################
# Missiles: 0/1   #
# Lives: 0        #
# Kills: 0        #
# Round:  24      #
# Hide!!!         #
###################

Player 1: BuildShield          > Tried to build shields but didn't have enough lives.
Player 2: BuildShield          > Tried to build shields but didn't have enough lives.

Round 25
###################
# Hide!!!         #
# Round:  25      #
# Kills: 0        #
# Lives: 0        #
# Missiles: 0/1   #
###################
#                 #
#       VVV       #
# ---   ---   --- #
# ---    --   --- #
# ---    --    -- #
#                 #
#              |  #
#                 #
#       x  x  x   #
#                 #
#       x  x  x   #
#                 #
#       x  x  x   #
#                 #
#       x  x  x   #
#                 #
#              |  #
#                 #
# ---    --    -- #
# ---    --   --- #
# ---   ---   --- #
#       AAA       #
#                 #
###################
# Missiles: 0/1   #
# Lives: 0        #
# Kills: 0        #
# Round:  25      #
# Hide!!!         #
###################

Player 1: BuildShield          > Tried to build shields but didn't have enough lives.
Player 2: BuildShield          > Tried to build shields but didn't have enough lives.

Round 26
###################
# Hide!!!         #
# Round:  26      #
# Kills: 0        #
# Lives: 0        #
# Missiles: 0/1   #
###################
#                 #
#       VVV       #
# ---   ---   --- #
# ---    --   --- #
# ---    --    -- #
#              |  #
#                 #
#                 #
#      x  x  x    #
#                 #
#      x  x  x    #
#                 #
#      x  x  x    #
#                 #
#      x  x  x    #
#                 #
#                 #
#              |  #
# ---    --    -- #
# ---    --   --- #
# ---   ---   --- #
#       AAA       #
#                 #
###################
# Missiles: 0/1   #
# Lives: 0        #
# Kills: 0        #
# Round:  26      #
# Hide!!!         #
###################

Player 1: BuildShield          > Tried to build shields but didn't have enough lives.
Player 2: BuildShield          > Tried to build shields but didn't have enough lives.

Round 27
###################
# Hide!!!         #
# Round:  27      #
# Kills: 0        #
# Lives: 0        #
# Missiles: 0/1   #
###################
#                 #
#       VVV       #
# ---   ---   --- #
# ---    --   --- #
# ---    --     - #
#                 #
#                 #
#                 #
#     x  x  x     #
#                 #
#     x  x  x     #
#                 #
#     x  x  x     #
#                 #
#     x  x  x     #
#                 #
#                 #
#                 #
# ---    --     - #
# ---    --   --- #
# ---   ---   --- #
#       AAA       #
#                 #
###################
# Missiles: 0/1   #
# Lives: 0        #
# Kills: 0        #
# Round:  27      #
# Hide!!!         #
###################

Player 1: BuildShield          > Tried to build shields but didn't have enough lives.
Player 2: BuildShield          > Tried to build shields but didn't have enough lives.

Round 28
###################
# Hide!!!         #
# Round:  28      #
# Kills: 0        #
# Lives: 0        #
# Missiles: 0/1   #
###################
#                 #
#       VVV       #
# ---   ---   --- #
# ---    --   --- #
# ---    --     - #
#                 #
#                 #
#                 #
#    x  x  x      #
#                 #
#    x  x  x      #
#                 #
#    x  x  x      #
#                 #
#    x  x  x      #
#                 #
#                 #
#                 #
# ---    --     - #
# ---    --   --- #
# ---   ---   --- #
#       AAA       #
#                 #
###################
# Missiles: 0/1   #
# Lives: 0        #
# Kills: 0        #
# Round:  28      #
# Hide!!!         #
###################

Player 1: BuildShield          > Tried to build shields but didn't have enough lives.
Player 2: BuildShield          > Tried to build shields but didn't have enough lives.

Round 29
###################
# Hide!!!         #
# Round:  29      #
# Kills: 0        #
# Lives: 0        #
# Missiles: 0/1   #
###################
#                 #
#       VVV       #
# ---   ---   --- #
# ---    --   --- #
# ---    --     - #
#                 #
#                 #
#                 #
#   x  x  x       #
#                 #
#   x  x  x       #
#                 #
#   x  x  x       #
#                 #
#   x  x  x       #
#                 #
#                 #
#                 #
# ---    --     - #
# ---    --   --- #
# ---   ---   --- #
#       AAA       #
#                 #
###################
# Missiles: 0/1   #
# Lives: 0        #
# Kills: 0        #
# Round:  29      #
# Hide!!!         #
###################

Player 1: BuildShield          > Tried to build shields but didn't have enough lives.
Player 2: BuildShield          > Tried to build shields but didn't have enough lives.

Round 30
###################
# Hide!!!         #
# Round:  30      #
# Kills: 0        #
# Lives: 0        #
# Missiles: 0/1   #
###################
#                 #
#       VVV       #
# ---   ---   --- #
# ---    --   --- #
# ---    --     - #
#                 #
#                 #
#        |        #
#  x  x  x        #
#                 #
#  x  x  x        #
#                 #
#  x  x  x        #
#                 #
#  x  x  x        #
#        |        #
#                 #
#                 #
# ---    --     - #
# ---    --   --- #
# ---   ---   --- #
#       AAA       #
#                 #
###################
# Missiles: 0/1   #
# Lives: 0        #
# Kills: 0        #
# Round:  30      #
# Hide!!!         #
###################

Player 1: BuildShield          > Tried to build shields but didn't have enough lives.
Player 2: BuildShield          > Tried to build shields but didn't have enough lives.

Round 31
###################
# Hide!!!         #
# Round:  31      #
# Kills: 0        #
# Lives: 0        #
# Missiles: 0/1   #
###################
#                 #
#       VVV       #
# ---   ---   --- #
# ---    --   --- #
# ---    --     - #
#                 #
#        |        #
#                 #
# x  x  x         #
#                 #
# x  x  x         #
#                 #
# x  x  x         #
#                 #
# x  x  x         #
#                 #
#        |        #
#                 #
# ---    --     - #
# ---    --   --- #
# ---   ---   --- #
#       AAA       #
#                 #
###################
# Missiles: 0/1   #
# Lives: 0        #
# Kills: 0        #
# Round:  31      #
# Hide!!!         #
###################

Player 1: BuildShield          > Tried to build shields but didn't have enough lives.
Player 2: BuildShield          > Tried to build shields but didn't have enough lives.

Round 32
###################
# Hide!!!         #
# Round:  32      #
# Kills: 0        #
# Lives: 0        #
# Missiles: 0/1   #
###################
#                 #
#       VVV       #
# ---   ---   --- #
# ---    --   --- #
# ---    --     - #
#        |        #
#                 #
#                 #
#x  x  x          #
#                 #
#x  x  x          #
#                 #
#x  x  x          #
#                 #
#x  x  x          #
#                 #
#                 #
#        |        #
# ---    --     - #
# ---    --   --- #
# ---   ---   --- #
#       AAA       #
#                 #
###################
# Missiles: 0/1   #
# Lives: 0        #
# Kills: 0        #
# Round:  32      #
# Hide!!!         #
###################

Player 1: BuildShield          > Tried to build shields but didn't have enough lives.
Player 2: BuildShield          > Tried to build shields but didn't have enough lives.

Round 33
###################
# Hide!!!         #
# Round:  33      #
# Kills: 0        #
# Lives: 0        #
# Missiles: 0/1   #
###################
#                 #
#       VVV       #
# ---   ---   --- #
# ---    --   --- #
# ---     -     - #
#                 #
#                 #
#x  x  x          #
#                 #
#x  x  x          #
#                 #
#                 #
#                 #
#x  x  x          #
#                 #
#x  x  x          #
#                 #
#                 #
# ---     -     - #
# ---    --   --- #
# ---   ---   --- #
#       AAA       #
#                 #
###################
# Missiles: 0/1   #
# Lives: 0        #
# Kills: 0        #
# Round:  33      #
# Hide!!!         #
###################

Player 1: BuildShield          > Tried to build shields but didn't have enough lives.
Player 2: BuildShield          > Tried to build shields but didn't have enough lives.

Round 34
###################
# Hide!!!         #
# Round:  34      #
# Kills: 0        #
# Lives: 0        #
# Missiles: 0/1   #
###################
#                 #
#       VVV       #
# ---   ---   --- #
# ---    --   --- #
# ---     -     - #
#                 #
#                 #
# x  x  x         #
#                 #
# x  x  x         #
#                 #
#                 #
#                 #
# x  x  x         #
#                 #
# x  x  x         #
#                 #
#                 #
# ---     -     - #
# ---    --   --- #
# ---   ---   --- #
#       AAA       #
#                 #
###################
# Missiles: 0/1   #
# Lives: 0        #
# Kills: 0        #
# Round:  34      #
# Hide!!!         #
###################

Player 1: BuildShield          > Tried to build shields but didn't have enough lives.
Player 2: BuildShield          > Tried to build shields but didn't have enough lives.

Round 35
###################
# Hide!!!         #
# Round:  35      #
# Kills: 0        #
# Lives: 0        #
# Missiles: 0/1   #
###################
#                 #
#       VVV       #
# ---   ---   --- #
# ---    --   --- #
# ---     -     - #
#                 #
#                 #
#  x  x  x        #
#                 #
#  x  x  x        #
#                 #
#                 #
#                 #
#  x  x  x        #
#                 #
#  x  x  x        #
#                 #
#                 #
# ---     -     - #
# ---    --   --- #
# ---   ---   --- #
#       AAA       #
#                 #
###################
# Missiles: 0/1   #
# Lives: 0        #
# Kills: 0        #
# Round:  35      #
# Hide!!!         #
###################

Player 1: BuildShield          > Tried to build shields but didn't have enough lives.
Player 2: BuildShield          > Tried to build shields but didn't have enough lives.

Round 36
###################
# Hide!!!         #
# Round:  36      #
# Kills: 0        #
# Lives: 0        #
# Missiles: 0/1   #
###################
#                 #
#       VVV       #
# ---   ---   --- #
# ---    --   --- #
# ---     -     - #
#                 #
#   |             #
#   x  x  x       #
#                 #
#   x  x  x       #
#                 #
#                 #
#                 #
#   x  x  x       #
#                 #
#   x  x  x       #
#   |             #
#                 #
# ---     -     - #
# ---    --   --- #
# ---   ---   --- #
#       AAA       #
#                 #
###################
# Missiles: 0/1   #
# Lives: 0        #
# Kills: 0        #
# Round:  36      #
# Hide!!!         #
###################

Player 1: BuildShield          > Tried to build shields but didn't have enough lives.
Player 2: BuildShield          > Tried to build shields but didn't have enough lives.

Round 37
###################
# Hide!!!         #
# Round:  37      #
# Kills: 0        #
# Lives: 0        #
# Missiles: 0/1   #
###################
#                 #
#       VVV       #
# ---   ---   --- #
# ---    --   --- #
# ---     -     - #
#   |             #
#                 #
#    x  x  x      #
#                 #
#    x  x  x      #
#                 #
#                 #
#                 #
#    x  x  x      #
#                 #
#    x  x  x      #
#                 #
#   |             #
# ---     -     - #
# ---    --   --- #
# ---   ---   --- #
#       AAA       #
#                 #
###################
# Missiles: 0/1   #
# Lives: 0        #
# Kills: 0        #
# Round:  37      #
# Hide!!!         #
###################

Player 1: BuildShield          > Tried to build shields but didn't have enough lives.
Player 2: BuildShield          > Tried to build shields but didn't have enough lives.

Round 38
###################
# Hide!!!         #
# Round:  38      #
# Kills: 0        #
# Lives: 0        #
# Missiles: 0/1   #
###################
#                 #
#       VVV       #
# ---   ---   --- #
# ---    --   --- #
# --      -     - #
#                 #
#                 #
#     x  x  x     #
#                 #
#     x  x  x     #
#                 #
#                 #
#                 #
#     x  x  x     #
#                 #
#     x  x  x     #
#                 #
#                 #
# --      -     - #
# ---    --   --- #
# ---   ---   --- #
#       AAA       #
#                 #
###################
# Missiles: 0/1   #
# Lives: 0        #
# Kills: 0        #
# Round:  38      #
# Hide!!!         #
###################

Player 1: BuildShield          > Tried to build shields but didn't have enough lives.
Player 2: BuildShield          > Tried to build shields but didn't have enough lives.

Round 39
###################
# Hide!!!         #
# Round:  39      #
# Kills: 0        #
# Lives: 0        #
# Missiles: 0/1   #
###################
#                 #
#       VVV       #
# ---   ---   --- #
# ---    --   --- #
# --      -     - #
#                 #
#                 #
#      x  x  x    #
#                 #
#      x  x  x    #
#                 #
#                 #
#                 #
#      x  x  x    #
#                 #
#      x  x  x    #
#                 #
#                 #
# --      -     - #
# ---    --   --- #
# ---   ---   --- #
#       AAA       #
#                 #
###################
# Missiles: 0/1   #
# Lives: 0        #
# Kills: 0        #
# Round:  39      #
# Hide!!!         #
###################

Player 1: BuildShield          > Tried to build shields but didn't have enough lives.
Player 2: BuildShield          > Tried to build shields but didn't have enough lives.

Round 40
###################
# Hide!!!         #
# Round:  40      #
# Kills: 0        #
# Lives: 0        #
# Missiles: 0/1   #
###################
#                 #
#       VVV       #
# ---   ---   --- #
# ---    --   --- #
# --      -     - #
#                 #
#                 #
#       x  x  x   #
#                 #
#       x  x  x   #
#                 #
#                 #
#                 #
#       x  x  x   #
#                 #
#       x  x  x   #
#                 #
#                 #
# --      -     - #
# ---    --   --- #
# ---   ---   --- #
#       AAA       #
#                 #
###################
# Missiles: 0/1   #
# Lives: 0        #
# Kills: 0        #
# Round:  40      #
# Hide!!!         #
###################

Player 1: BuildShield          > Tried to build shields but didn't have enough lives.
Player 2: BuildShield          > Tried to build shields but didn't have enough lives.

Round 41
###################
# Hide!!!         #
# Round:  41      #
# Kills: 0        #
# Lives: 0        #
# Missiles: 0/1   #
###################
#                 #
#       VVV       #
# ---   ---   --- #
# ---    --   --- #
# --      -     - #
#                 #
#                 #
#        x  x  x  #
#                 #
#        x  x  x  #
#                 #
#                 #
#                 #
#        x  x  x  #
#                 #
#        x  x  x  #
#                 #
#                 #
# --      -     - #
# ---    --   --- #
# ---   ---   --- #
#       AAA       #
#                 #
###################
# Missiles: 0/1   #
# Lives: 0        #
# Kills: 0        #
# Round:  41      #
# Hide!!!         #
###################

Player 1: BuildShield          > Tried to build shields but didn't have enough lives.
Player 2: BuildShield          > Tried to build shields but didn't have enough lives.

Round 42
###################
# Hide!!!         #
# Round:  42      #
# Kills: 0        #
# Lives: 0        #
# Missiles: 0/1   #
###################
#                 #
#       VVV       #
# ---   ---   --- #
# ---    --   --- #
# --      -     - #
#                 #
#            |    #
#         x  x  x #
#                 #
#         x  x  x #
#                 #
#                 #
#                 #
#         x  x  x #
#                 #
#         x  x  x #
#            |    #
#                 #
# --      -     - #
# ---    --   --- #
# ---   ---   --- #
#       AAA       #
#                 #
###################
# Missiles: 0/1   #
# Lives: 0        #
# Kills: 0        #
# Round:  42      #
# Hide!!!         #
###################

Player 1: BuildShield          > Tried to build shields but didn't have enough lives.
Player 2: BuildShield          > Tried to build shields but didn't have enough lives.

Round 43
###################
# Hide!!!         #
# Round:  43      #
# Kills: 0        #
# Lives: 0        #
# Missiles: 0/1   #
###################
#                 #
#       VVV       #
# ---   ---   --- #
# ---    --   --- #
# --      -     - #
#            |    #
#                 #
#          x  x  x#
#                 #
#          x  x  x#
#                 #
#                 #
#                 #
#          x  x  x#
#                 #
#          x  x  x#
#                 #
#            |    #
# --      -     - #
# ---    --   --- #
# ---   ---   --- #
#       AAA       #
#                 #
###################
# Missiles: 0/1   #
# Lives: 0        #
# Kills: 0        #
# Round:  43      #
# Hide!!!         #
###################

Player 1: BuildShield          > Tried to build shields but didn't have enough lives.
Player 2: BuildShield          > Tried to build shields but didn't have enough lives.

Round 44
###################
# Hide!!!         #
# Round:  44      #
# Kills: 0        #
# Lives: 0        #
# Missiles: 0/1   #
###################
#                 #
#       VVV       #
# ---   ---   --- #
# ---    --   --- #
# --      -  |  - #
#                 #
#          x  x  x#
#                 #
#          x  x  x#
#                 #
#                 #
#                 #
#                 #
#                 #
#          x  x  x#
#                 #
#          x  x  x#
#                 #
# --      -  |  - #
# ---    --   --- #
# ---   ---   --- #
#       AAA       #
#                 #
###################
# Missiles: 0/1   #
# Lives: 0        #
# Kills: 0        #
# Round:  44      #
# Hide!!!         #
###################

Player 1: BuildShield          > Tried to build shields but didn't have enough lives.
Player 2: BuildShield          > Tried to build shields but didn't have enough lives.

Round 45
###################
# Hide!!!         #
# Round:  45      #
# Kills: 0        #
# Lives: 0        #
# Missiles: 0/1   #
###################
#                 #
#       VVV       #
# ---   ---   --- #
# ---    --  |--- #
# --      -     - #
#                 #
#         x  x  x #
#                 #
#         x  x  x #
#                 #
#      x  x  x  x #
#                 #
#      x  x  x  x #
#                 #
#         x  x  x #
#                 #
#         x  x  x #
#                 #
# --      -     - #
# ---    --  |--- #
# ---   ---   --- #
#       AAA       #
#                 #
###################
# Missiles: 0/1   #
# Lives: 0        #
# Kills: 0        #
# Round:  45      #
# Hide!!!         #
###################

Player 1: BuildShield          > Tried to build shields but didn't have enough lives.
Player 2: BuildShield          > Tried to build shields but didn't have enough lives.

Round 46
###################
# Hide!!!         #
# Round:  46      #
# Kills: 0        #
# Lives: 0        #
# Missiles: 0/1   #
###################
#                 #
#       VVV       #
# ---   ---  |--- #
# ---    --   --- #
# --      -     - #
#                 #
#        x  x  x  #
#                 #
#        x  x  x  #
#                 #
#     x  x  x  x  #
#                 #
#     x  x  x  x  #
#                 #
#        x  x  x  #
#                 #
#        x  x  x  #
#                 #
# --      -     - #
# ---    --   --- #
# ---   ---  |--- #
#       AAA       #
#                 #
###################
# Missiles: 0/1   #
# Lives: 0        #
# Kills: 0        #
# Round:  46      #
# Hide!!!         #
###################

Player 1: BuildShield          > Tried to build shields but didn't have enough lives.
Player 2: BuildShield          > Tried to build shields but didn't have enough lives.

Round 47
###################
# Hide!!!         #
# Round:  47      #
# Kills: 0        #
# Lives: 0        #
# Missiles: 0/1   #
###################
#                 #
#       VVV  |    #
# ---   ---   --- #
# ---    --   --- #
# --      -     - #
#                 #
#       x  x  x   #
#                 #
#       x  x  x   #
#                 #
#    x  x  x  x   #
#                 #
#    x  x  x  x   #
#                 #
#       x  x  x   #
#                 #
#       x  x  x   #
#                 #
# --      -     - #
# ---    --   --- #
# ---   ---   --- #
#       AAA  |    #
#                 #
###################
# Missiles: 0/1   #
# Lives: 0        #
# Kills: 0        #
# Round:  47      #
# Hide!!!         #
###################

Player 1: BuildShield          > Tried to build shields but didn't have enough lives.
Player 2: BuildShield          > Tried to build shields but didn't have enough lives.

Round 48
###################
# Hide!!!         #
# Round:  48      #
# Kills: 0        #
# Lives: 0        #
# Missiles: 0/1   #
###################
#            |    #
#       VVV       #
# ---   ---   --- #
# ---    --   --- #
# --      -     - #
#            |    #
#      x  x  x    #
#                 #
#      x  x  x    #
#                 #
#   x  x  x  x    #
#                 #
#   x  x  x  x    #
#                 #
#      x  x  x    #
#                 #
#      x  x  x    #
#            |    #
# --      -     - #
# ---    --   --- #
# ---   ---   --- #
#       AAA       #
#            |    #
###################
# Missiles: 0/1   #
# Lives: 0        #
# Kills: 0        #
# Round:  48      #
# Hide!!!         #
###################

Player 1: BuildShield          > Tried to build shields but didn't have enough lives.
Player 2: BuildShield          > Tried to build shields but didn't have enough lives.

Round 49
###################
# Hide!!!         #
# Round:  49      #
# Kills: 0        #
# Lives: 0        #
# Missiles: 0/1   #
###################
#                 #
#       VVV       #
# ---   ---   --- #
# ---    --   --- #
# --      -  |  - #
#                 #
#     x  x  x     #
#                 #
#     x  x  x     #
#                 #
#  x  x  x  x     #
#                 #
#  x  x  x  x     #
#                 #
#     x  x  x     #
#                 #
#     x  x  x     #
#                 #
# --      -  |  - #
# ---    --   --- #
# ---   ---   --- #
#       AAA       #
#                 #
###################
# Missiles: 0/1   #
# Lives: 0        #
# Kills: 0        #
# Round:  49      #
# Hide!!!         #
###################

Player 1: BuildShield          > Tried to build shields but didn't have enough lives.
Player 2: BuildShield          > Tried to build shields but didn't have enough lives.

Round 50
###################
# Hide!!!         #
# Round:  50      #
# Kills: 0        #
# Lives: 0        #
# Missiles: 0/1   #
###################
#                 #
#       VVV       #
# ---   ---   --- #
# ---    --  |--- #
# --      -     - #
#                 #
#    x  x  x      #
#                 #
#    x  x  x      #
#                 #
# x  x  x  x      #
#                 #
# x  x  x  x      #
#                 #
#    x  x  x      #
#                 #
#    x  x  x      #
#                 #
# --      -     - #
# ---    --  |--- #
# ---   ---   --- #
#       AAA       #
#                 #
###################
# Missiles: 0/1   #
# Lives: 0        #
# Kills: 0        #
# Round:  50      #
# Hide!!!         #
###################

Player 1: BuildShield          > Tried to build shields but didn't have enough lives.
Player 2: BuildShield          > Tried to build shields but didn't have enough lives.

Round 51
###################
# Hide!!!         #
# Round:  51      #
# Kills: 0        #
# Lives: 0        #
# Missiles: 0/1   #
###################
#                 #
#       VVV       #
# ---   ---  |--- #
# ---    --   --- #
# --      -     - #
#                 #
#   x  x  x       #
#                 #
#   x  x  x       #
#                 #
#x  x  x  x       #
#                 #
#x  x  x  x       #
#                 #
#   x  x  x       #
#                 #
#   x  x  x       #
#                 #
# --      -     - #
# ---    --   --- #
# ---   ---  |--- #
#       AAA       #
#                 #
###################
# Missiles: 0/1   #
# Lives: 0        #
# Kills: 0        #
# Round:  51      #
# Hide!!!         #
###################

Player 1: BuildShield          > Tried to build shields but didn't have enough lives.
Player 2: BuildShield          > Tried to build shields but didn't have enough lives.

Round 52
###################
# Hide!!!         #
# Round:  52      #
# Kills: 0        #
# Lives: 0        #
# Missiles: 0/1   #
###################
#                 #
#       VVV  |    #
# ---   ---   --- #
# ---    --   --- #
# --      -     - #
#   x  x  x       #
#                 #
#   x  x  x       #
#                 #
#x  x  x  x       #
#                 #
#                 #
#                 #
#x  x  x  x       #
#                 #
#   x  x  x       #
#                 #
#   x  x  x       #
# --      -     - #
# ---    --   --- #
# ---   ---   --- #
#       AAA  |    #
#                 #
###################
# Missiles: 0/1   #
# Lives: 0        #
# Kills: 0        #
# Round:  52      #
# Hide!!!         #
###################

Player 1: BuildShield          > Tried to build shields but didn't have enough lives.
Player 2: BuildShield          > Tried to build shields but didn't have enough lives.

Round 53
###################
# Hide!!!         #
# Round:  53      #
# Kills: 0        #
# Lives: 0        #
# Missiles: 0/1   #
###################
#            |    #
#       VVV       #
# ---   ---   --- #
# ---    --   --- #
# --      -     - #
#    x  x  x      #
#                 #
#    x  x  x      #
#                 #
# x  x  x  x      #
#                 #
#                 #
#                 #
# x  x  x  x      #
#                 #
#    x  x  x      #
#                 #
#    x  x  x      #
# --      -     - #
# ---    --   --- #
# ---   ---   --- #
#       AAA       #
#            |    #
###################
# Missiles: 0/1   #
# Lives: 0        #
# Kills: 0        #
# Round:  53      #
# Hide!!!         #
###################

Player 1: BuildShield          > Tried to build shields but didn't have enough lives.
Player 2: BuildShield          > Tried to build shields but didn't have enough lives.

Round 54
###################
# Hide!!!         #
# Round:  54      #
# Kills: 0        #
# Lives: 0        #
# Missiles: 0/1   #
###################
#                 #
#       VVV       #
# ---   ---   --- #
# ---    --   --- #
# --     |-     - #
#     x  x  x     #
#                 #
#     x  x  x     #
#                 #
#  x  x  x  x     #
#                 #
#                 #
#                 #
#  x  x  x  x     #
#                 #
#     x  x  x     #
#                 #
#     x  x  x     #
# --     |-     - #
# ---    --   --- #
# ---   ---   --- #
#       AAA       #
#                 #
###################
# Missiles: 0/1   #
# Lives: 0        #
# Kills: 0        #
# Round:  54      #
# Hide!!!         #
###################

Player 1: BuildShield          > Tried to build shields but didn't have enough lives.
Player 2: BuildShield          > Tried to build shields but didn't have enough lives.

Round 55
###################
# Hide!!!         #
# Round:  55      #
# Kills: 0        #
# Lives: 0        #
# Missiles: 0/1   #
###################
#                 #
#       VVV       #
# ---   ---   --- #
# ---     -   --- #
# --      -     - #
#      x  x  x    #
#                 #
#      x  x  x    #
#                 #
#   x  x  x  x    #
#                 #
#                 #
#                 #
#   x  x  x  x    #
#                 #
#      x  x  x    #
#                 #
#      x  x  x    #
# --      -     - #
# ---     -   --- #
# ---   ---   --- #
#       AAA       #
#                 #
###################
# Missiles: 0/1   #
# Lives: 0        #
# Kills: 0        #
# Round:  55      #
# Hide!!!         #
###################

Player 1: BuildShield          > Tried to build shields but didn't have enough lives.
Player 2: BuildShield          > Tried to build shields but didn't have enough lives.

Round 56
###################
# Hide!!!         #
# Round:  56      #
# Kills: 0        #
# Lives: 0        #
# Missiles: 0/1   #
###################
#                 #
#       VVV       #
# ---   ---   --- #
# ---     -   --- #
# --      -     - #
#       x  x  x   #
#                 #
#       x  x  x   #
#                 #
#    x  x  x  x   #
#                 #
#                 #
#                 #
#    x  x  x  x   #
#                 #
#       x  x  x   #
#                 #
#       x  x  x   #
# --      -     - #
# ---     -   --- #
# ---   ---   --- #
#       AAA       #
#                 #
###################
# Missiles: 0/1   #
# Lives: 0        #
# Kills: 0        #
# Round:  56      #
# Hide!!!         #
###################

Player 1: BuildShield          > Tried to build shields but didn't have enough lives.
Player 2: BuildShield          > Tried to build shields but didn't have enough lives.

Round 57
###################
# Hide!!!         #
# Round:  57      #
# Kills: 0        #
# Lives: 0        #
# Missiles: 0/1   #
###################
#                 #
#       VVV       #
# ---   ---   --- #
# ---     -   --- #
# --      -     - #
#        x  x  x  #
#                 #
#        x  x  x  #
#                 #
#     x  x  x  x  #
#                 #
#                 #
#                 #
#     x  x  x  x  #
#                 #
#        x  x  x  #
#                 #
#        x  x  x  #
# --      -     - #
# ---     -   --- #
# ---   ---   --- #
#       AAA       #
#                 #
###################
# Missiles: 0/1   #
# Lives: 0        #
# Kills: 0        #
# Round:  57      #
# Hide!!!         #
###################

Player 1: BuildShield          > Tried to build shields but didn't have enough lives.
Player 2: BuildShield          > Tried to build shields but didn't have enough lives.

Round 58
###################
# Hide!!!         #
# Round:  58      #
# Kills: 0        #
# Lives: 0        #
# Missiles: 0/1   #
###################
#                 #
#       VVV       #
# ---   ---   --- #
# ---     -   --- #
# --      -     - #
#         x  x  x #
#                 #
#         x  x  x #
#                 #
#      x  x  x  x #
#                 #
#                 #
#                 #
#      x  x  x  x #
#                 #
#         x  x  x #
#                 #
#         x  x  x #
# --      -     - #
# ---     -   --- #
# ---   ---   --- #
#       AAA       #
#                 #
###################
# Missiles: 0/1   #
# Lives: 0        #
# Kills: 0        #
# Round:  58      #
# Hide!!!         #
###################

Player 1: BuildShield          > Tried to build shields but didn't have enough lives.
Player 2: BuildShield          > Tried to build shields but didn't have enough lives.

Round 59
###################
# Hide!!!         #
# Round:  59      #
# Kills: 0        #
# Lives: 0        #
# Missiles: 0/1   #
###################
#                 #
#       VVV       #
# ---   ---   --- #
# ---     -   --- #
# --      -     - #
#          x  x  x#
#                 #
#          x  x  x#
#                 #
#       x  x  x  x#
#                 #
#                 #
#                 #
#       x  x  x  x#
#                 #
#          x  x  x#
#                 #
#          x  x  x#
# --      -     - #
# ---     -   --- #
# ---   ---   --- #
#       AAA       #
#                 #
###################
# Missiles: 0/1   #
# Lives: 0        #
# Kills: 0        #
# Round:  59      #
# Hide!!!         #
###################

Player 1: BuildShield          > Tried to build shields but didn't have enough lives.
Player 2: BuildShield          > Tried to build shields but didn't have enough lives.

Round 60
###################
# Hide!!!         #
# Round:  60      #
# Kills: 0        #
# Lives: 0        #
# Missiles: 0/1   #
###################
#                 #
#       VVV       #
# ---   ---   --- #
# ---     -    -- #
# --      -x  x -x#
#                 #
#          x  x  x#
#                 #
#       x  x  x  x#
#                 #
#                 #
#                 #
#                 #
#                 #
#       x  x  x  x#
#                 #
#          x  x  x#
#                 #
# --      -x  x -x#
# ---     -    -- #
# ---   ---   --- #
#       AAA       #
#                 #
###################
# Missiles: 0/1   #
# Lives: 0        #
# Kills: 0        #
# Round:  60      #
# Hide!!!         #
###################

Player 1: BuildShield          > Tried to build shields but didn't have enough lives.
Player 2: BuildShield          > Tried to build shields but didn't have enough lives.

Round 61
###################
# Hide!!!         #
# Round:  61      #
# Kills: 0        #
# Lives: 0        #
# Missiles: 0/1   #
###################
#                 #
#       VVV       #
# ---   ---   --- #
# ---             #
# --         x    #
#                 #
#         x  x  x #
#                 #
#      x  x  x  x #
#                 #
#      x  x  x  x #
#                 #
#      x  x  x  x #
#                 #
#      x  x  x  x #
#                 #
#         x  x  x #
#                 #
# --         x    #
# ---             #
# ---   ---   --- #
#       AAA       #
#                 #
###################
# Missiles: 0/1   #
# Lives: 0        #
# Kills: 0        #
# Round:  61      #
# Hide!!!         #
###################

Player 1: BuildShield          > Did nothing.
Player 2: BuildShield          > Did nothing.

Round 62
###################
# Hide!!!         #
# Round:  62      #
# Kills: 0        #
# Lives: 0        #
# Missiles: 0/1   #
###################
#                 #
#       VVV       #
# ---   ---   --- #
# ---             #
# --        x     #
#                 #
#        x  x  x  #
#                 #
#     x  x  x  x  #
#                 #
#     x  x  x  x  #
#                 #
#     x  x  x  x  #
#                 #
#     x  x  x  x  #
#                 #
#        x  x  x  #
#                 #
# --        x     #
# ---             #
# ---   ---   --- #
#       AAA       #
#                 #
###################
# Missiles: 0/1   #
# Lives: 0        #
# Kills: 0        #
# Round:  62      #
# Hide!!!         #
###################

Player 1: BuildShield          > Tried to build shields but didn't have enough lives.
Player 2: BuildShield          > Tried to build shields but didn't have enough lives.

Round 63
###################
# Hide!!!         #
# Round:  63      #
# Kills: 0        #
# Lives: 0        #
# Missiles: 0/1   #
###################
#                 #
#       VVV       #
# ---   ---   --- #
# ---             #
# --       x      #
#                 #
#       x  x  x   #
#                 #
#    x  x  x  x   #
#                 #
#    x  x  x  x   #
#                 #
#    x  x  x  x   #
#                 #
#    x  x  x  x   #
#                 #
#       x  x  x   #
#                 #
# --       x      #
# ---             #
# ---   ---   --- #
#       AAA       #
#                 #
###################
# Missiles: 0/1   #
# Lives: 0        #
# Kills: 0        #
# Round:  63      #
# Hide!!!         #
###################

Player 1: BuildShield          > Tried to build shields but didn't have enough lives.
Player 2: BuildShield          > Tried to build shields but didn't have enough lives.

Round 64
###################
# Hide!!!         #
# Round:  64      #
# Kills: 0        #
# Lives: 0        #
# Missiles: 0/1   #
###################
#                 #
#       VVV       #
# ---   ---   --- #
# ---             #
# --      x       #
#                 #
#      x  x  x    #
#                 #
#   x  x  x  x    #
#                 #
#   x  x  x  x    #
#                 #
#   x  x  x  x    #
#                 #
#   x  x  x  x    #
#                 #
#      x  x  x    #
#                 #
# --      x       #
# ---             #
# ---   ---   --- #
#       AAA       #
#                 #
###################
# Missiles: 0/1   #
# Lives: 0        #
# Kills: 0        #
# Round:  64      #
# Hide!!!         #
###################

Player 1: BuildShield          > Tried to build shields but didn't have enough lives.
Player 2: BuildShield          > Tried to build shields but didn't have enough lives.

Round 65
###################
# Hide!!!         #
# Round:  65      #
# Kills: 0        #
# Lives: 0        #
# Missiles: 0/1   #
###################
#                 #
#       VVV       #
# ---   ---   --- #
# ---             #
# --     x        #
#                 #
#     x  x  x     #
#                 #
#  x  x  x  x     #
#                 #
#  x  x  x  x     #
#                 #
#  x  x  x  x     #
#                 #
#  x  x  x  x     #
#                 #
#     x  x  x     #
#                 #
# --     x        #
# ---             #
# ---   ---   --- #
#       AAA       #
#                 #
###################
# Missiles: 0/1   #
# Lives: 0        #
# Kills: 0        #
# Round:  65      #
# Hide!!!         #
###################

Player 1: BuildShield          > Tried to build shields but didn't have enough lives.
Player 2: BuildShield          > Tried to build shields but didn't have enough lives.

Round 66
###################
# Hide!!!         #
# Round:  66      #
# Kills: 0        #
# Lives: 0        #
# Missiles: 0/1   #
###################
#                 #
#       VVV       #
# ---   ---   --- #
# ---             #
# --    x         #
#          |      #
#    x  x  x      #
#                 #
# x  x  x  x      #
#                 #
# x  x  x  x      #
#                 #
# x  x  x  x      #
#                 #
# x  x  x  x      #
#                 #
#    x  x  x      #
#          |      #
# --    x         #
# ---             #
# ---   ---   --- #
#       AAA       #
#                 #
###################
# Missiles: 0/1   #
# Lives: 0        #
# Kills: 0        #
# Round:  66      #
# Hide!!!         #
###################

Player 1: BuildShield          > Tried to build shields but didn't have enough lives.
Player 2: BuildShield          > Tried to build shields but didn't have enough lives.

Round 67
###################
# Hide!!!         #
# Round:  67      #
# Kills: 0        #
# Lives: 0        #
# Missiles: 0/1   #
###################
#                 #
#       VVV       #
# ---   ---   --- #
# ---             #
# --   x   |      #
#                 #
#   x  x  x       #
#                 #
#x  x  x  x       #
#                 #
#x  x  x  x       #
#                 #
#x  x  x  x       #
#                 #
#x  x  x  x       #
#                 #
#   x  x  x       #
#                 #
# --   x   |      #
# ---             #
# ---   ---   --- #
#       AAA       #
#                 #
###################
# Missiles: 0/1   #
# Lives: 0        #
# Kills: 0        #
# Round:  67      #
# Hide!!!         #
###################

Player 1: BuildShield          > Tried to build shields but didn't have enough lives.
Player 2: BuildShield          > Tried to build shields but didn't have enough lives.

Round 68
###################
# Hide!!!         #
# Round:  68      #
# Kills: 0        #
# Lives: 0        #
# Missiles: 0/1   #
###################
#                 #
#       VVV       #
# ---   ---   --- #
# ---  x   |      #
# --              #
#   x  x  x       #
#                 #
#x  x  x  x       #
#                 #
#x  x  x  x       #
#                 #
#                 #
#                 #
#x  x  x  x       #
#                 #
#x  x  x  x       #
#                 #
#   x  x  x       #
# --              #
# ---  x   |      #
# ---   ---   --- #
#       AAA       #
#                 #
###################
# Missiles: 0/1   #
# Lives: 0        #
# Kills: 0        #
# Round:  68      #
# Hide!!!         #
###################

Player 1: BuildShield          > Tried to build shields but didn't have enough lives.
Player 2: BuildShield          > Tried to build shields but didn't have enough lives.

Round 69
###################
# Hide!!!         #
# Round:  69      #
# Kills: 0        #
# Lives: 0        #
# Missiles: 0/1   #
###################
#                 #
#       VVV       #
# ---   ---|  --- #
# ---   x         #
# --              #
#    x  x  x      #
#                 #
# x  x  x  x      #
#                 #
# x  x  x  x      #
#                 #
#                 #
#                 #
# x  x  x  x      #
#                 #
# x  x  x  x      #
#                 #
#    x  x  x      #
# --              #
# ---   x         #
# ---   ---|  --- #
#       AAA       #
#                 #
###################
# Missiles: 0/1   #
# Lives: 0        #
# Kills: 0        #
# Round:  69      #
# Hide!!!         #
###################

Player 1: BuildShield          > Tried to build shields but didn't have enough lives.
Player 2: BuildShield          > Tried to build shields but didn't have enough lives.

Round 70
###################
# Hide!!!         #
# Round:  70      #
# Kills: 0        #
# Lives: 0        #
# Missiles: 0/1   #
###################
#                 #
#       VVV|      #
# ---   ---   --- #
# ---    x        #
# --              #
#     x  x  x     #
#                 #
#  x  x  x  x     #
#                 #
#  x  x  x  x     #
#                 #
#                 #
#                 #
#  x  x  x  x     #
#                 #
#  x  x  x  x     #
#                 #
#     x  x  x     #
# --              #
# ---    x        #
# ---   ---   --- #
#       AAA|      #
#                 #
###################
# Missiles: 0/1   #
# Lives: 0        #
# Kills: 0        #
# Round:  70      #
# Hide!!!         #
###################

Player 1: BuildShield          > Tried to build shields but didn't have enough lives.
Player 2: BuildShield          > Tried to build shields but didn't have enough lives.

Round 71
###################
# Hide!!!         #
# Round:  71      #
# Kills: 0        #
# Lives: 0        #
# Missiles: 0/1   #
###################
#          |      #
#       VVV       #
# ---   ---   --- #
# ---     x       #
# --              #
#      x  x  x    #
#                 #
#   x  x  x  x    #
#                 #
#   x  x  x  x    #
#                 #
#                 #
#                 #
#   x  x  x  x    #
#                 #
#   x  x  x  x    #
#                 #
#      x  x  x    #
# --              #
# ---     x       #
# ---   ---   --- #
#       AAA       #
#          |      #
###################
# Missiles: 0/1   #
# Lives: 0        #
# Kills: 0        #
# Round:  71      #
# Hide!!!         #
###################

Player 1: BuildShield          > Tried to build shields but didn't have enough lives.
Player 2: BuildShield          > Tried to build shields but didn't have enough lives.

Round 72
###################
# Hide!!!         #
# Round:  72      #
# Kills: 0        #
# Lives: 0        #
# Missiles: 0/1   #
###################
#                 #
#       VVV       #
# ---   ---   --- #
# ---      x      #
# --          |   #
#       x  x  x   #
#                 #
#    x  x  x  x   #
#                 #
#    x  x  x  x   #
#                 #
#                 #
#                 #
#    x  x  x  x   #
#                 #
#    x  x  x  x   #
#                 #
#       x  x  x   #
# --          |   #
# ---      x      #
# ---   ---   --- #
#       AAA       #
#                 #
###################
# Missiles: 0/1   #
# Lives: 0        #
# Kills: 0        #
# Round:  72      #
# Hide!!!         #
###################

Player 1: BuildShield          > Tried to build shields but didn't have enough lives.
Player 2: BuildShield          > Tried to build shields but didn't have enough lives.

Round 73
###################
# Hide!!!         #
# Round:  73      #
# Kills: 0        #
# Lives: 0        #
# Missiles: 0/1   #
###################
#                 #
#       VVV       #
# ---   ---   --- #
# ---       x |   #
# --              #
#        x  x  x  #
#                 #
#     x  x  x  x  #
#                 #
#     x  x  x  x  #
#                 #
#                 #
#                 #
#     x  x  x  x  #
#                 #
#     x  x  x  x  #
#                 #
#        x  x  x  #
# --              #
# ---       x |   #
# ---   ---   --- #
#       AAA       #
#                 #
###################
# Missiles: 0/1   #
# Lives: 0        #
# Kills: 0        #
# Round:  73      #
# Hide!!!         #
###################

Player 1: BuildShield          > Tried to build shields but didn't have enough lives.
Player 2: BuildShield          > Tried to build shields but didn't have enough lives.

Round 74
###################
# Hide!!!         #
# Round:  74      #
# Kills: 0        #
# Lives: 0        #
# Missiles: 0/1   #
###################
#                 #
#       VVV       #
# ---   ---    -- #
# ---        x    #
# --              #
#         x  x  x #
#                 #
#      x  x  x  x #
#                 #
#      x  x  x  x #
#                 #
#                 #
#                 #
#      x  x  x  x #
#                 #
#      x  x  x  x #
#                 #
#         x  x  x #
# --              #
# ---        x    #
# ---   ---    -- #
#       AAA       #
#                 #
###################
# Missiles: 0/1   #
# Lives: 0        #
# Kills: 0        #
# Round:  74      #
# Hide!!!         #
###################

Player 1: BuildShield          > Tried to build shields but didn't have enough lives.
Player 2: BuildShield          > Tried to build shields but didn't have enough lives.

Round 75
###################
# Hide!!!         #
# Round:  75      #
# Kills: 0        #
# Lives: 0        #
# Missiles: 0/1   #
###################
#                 #
#       VVV       #
# ---   ---    -- #
# ---         x   #
# --              #
#          x  x  x#
#                 #
#       x  x  x  x#
#                 #
#       x  x  x  x#
#                 #
#                 #
#                 #
#       x  x  x  x#
#                 #
#       x  x  x  x#
#                 #
#          x  x  x#
# --              #
# ---         x   #
# ---   ---    -- #
#       AAA       #
#                 #
###################
# Missiles: 0/1   #
# Lives: 0        #
# Kills: 0        #
# Round:  75      #
# Hide!!!         #
###################

Player 1: BuildShield          > Tried to build shields but didn't have enough lives.
Player 2: BuildShield          > Tried to build shields but didn't have enough lives.

Round 76
###################
# Hide!!!         #
# Round:  76      #
# Kills: 0        #
# Lives: 0        #
# Missiles: 0/1   #
###################
#                 #
#       VVV       #
# ---   ---   x-- #
# ---             #
# --       x  x  x#
#                 #
#       x  x  x  x#
#                 #
#       x  x  x  x#
#                 #
#                 #
#                 #
#                 #
#                 #
#       x  x  x  x#
#                 #
#       x  x  x  x#
#                 #
# --       x  x  x#
# ---             #
# ---   ---   x-- #
#       AAA       #
#                 #
###################
# Missiles: 0/1   #
# Lives: 0        #
# Kills: 0        #
# Round:  76      #
# Hide!!!         #
###################

Player 1: BuildShield          > Tried to build shields but didn't have enough lives.
Player 2: BuildShield          > Tried to build shields but didn't have enough lives.

Round 77
###################
# Hide!!!         #
# Round:  77      #
# Kills: 0        #
# Lives: 0        #
# Missiles: 0/1   #
###################
#                 #
#       VVV       #
# ---   ---  x -- #
# ---             #
# --      x  x  x #
#                 #
#      x  x  x  x #
#                 #
#      x  x  x  x #
#                 #
#      x  x  x  x #
#                 #
#      x  x  x  x #
#                 #
#      x  x  x  x #
#                 #
#      x  x  x  x #
#                 #
# --      x  x  x #
# ---             #
# ---   ---  x -- #
#       AAA       #
#                 #
###################
# Missiles: 0/1   #
# Lives: 0        #
# Kills: 0        #
# Round:  77      #
# Hide!!!         #
###################

Player 1: BuildShield          > Tried to build shields but didn't have enough lives.
Player 2: BuildShield          > Tried to build shields but didn't have enough lives.

Round 78
###################
# Hide!!!         #
# Round:  78      #
# Kills: 0        #
# Lives: 0        #
# Missiles: 0/1   #
###################
#                 #
#       VVV       #
# ---   --- x  -- #
# ---          |  #
# --     x  x  x  #
#                 #
#     x  x  x  x  #
#                 #
#     x  x  x  x  #
#                 #
#     x  x  x  x  #
#                 #
#     x  x  x  x  #
#                 #
#     x  x  x  x  #
#                 #
#     x  x  x  x  #
#                 #
# --     x  x  x  #
# ---          |  #
# ---   --- x  -- #
#       AAA       #
#                 #
###################
# Missiles: 0/1   #
# Lives: 0        #
# Kills: 0        #
# Round:  78      #
# Hide!!!         #
###################

Player 1: BuildShield          > Tried to build shields but didn't have enough lives.
Player 2: BuildShield          > Tried to build shields but didn't have enough lives.

Round 79
###################
# Hide!!!         #
# Round:  79      #
# Kills: 0        #
# Lives: 0        #
# Missiles: 0/1   #
###################
#                 #
#       VVV       #
# ---   ---x    - #
# ---             #
# --    x  x  x   #
#                 #
#    x  x  x  x   #
#                 #
#    x  x  x  x   #
#                 #
#    x  x  x  x   #
#                 #
#    x  x  x  x   #
#                 #
#    x  x  x  x   #
#                 #
#    x  x  x  x   #
#                 #
# --    x  x  x   #
# ---             #
# ---   ---x    - #
#       AAA       #
#                 #
###################
# Missiles: 0/1   #
# Lives: 0        #
# Kills: 0        #
# Round:  79      #
# Hide!!!         #
###################

Player 1: BuildShield          > Tried to build shields but didn't have enough lives.
Player 2: BuildShield          > Tried to build shields but didn't have enough lives.

Round 80
###################
# Hide!!!         #
# Round:  80      #
# Kills: 0        #
# Lives: 0        #
# Missiles: 0/1   #
###################
#                 #
#                 #
# ---   -       - #
# ---             #
# --   x  x  x    #
#                 #
#   x  x  x  x    #
#                 #
#   x  x  x  x    #
#                 #
#   x  x  x  x    #
#                 #
#   x  x  x  x    #
#                 #
#   x  x  x  x    #
#                 #
#   x  x  x  x    #
#                 #
# --   x  x  x    #
# ---             #
# ---   -       - #
#                 #
#                 #
###################
# Missiles: 0/1   #
# Lives: 0        #
# Kills: 0        #
# Round:  80      #
# Hide!!!         #
###################

Player 1: Nothing              > Ship is respawning.
Player 2: Nothing              > Ship is respawning.
Match result: Player 1 wins
Win reason: Match was a tie, so player 1 wins by default.
